C51 COMPILER V9.60.0.0   DHT11                                                             04/11/2024 16:01:10 PAGE 1   


C51 COMPILER V9.60.0.0, COMPILATION OF MODULE DHT11
OBJECT MODULE PLACED IN .\Objects\DHT11.obj
COMPILER INVOKED BY: D:\Keil\C51\BIN\C51.EXE ..\file\DHT11.c OPTIMIZE(8,SPEED) BROWSE DEBUG OBJECTEXTEND PRINT(.\Listing
                    -s\DHT11.lst) OBJECT(.\Objects\DHT11.obj)

line level    source

   1          #include "reg52.h"
   2          //#include "lcd.h"
   3          //#include "ADC0832.h"
   4          #include "stdio.h"
   5          #include "string.h"
   6          #include "DHT11.h"
   7          
   8          uchar rec_dat[10];   //用于显示的接收数据数组
   9          sbit Data=P2^0;   //定义数据线
  10          
  11          bit read_dat_flag =0;
  12          
  13          void DHT11_delay_us(uchar n)
  14          {
  15   1          while(--n);n++;
  16   1      }
  17          
  18          void DHT11_delay_ms(uint z)
  19          {
  20   1         uint i,j;
  21   1         for(i=z;i>0;i--)
  22   1            for(j=124;j>0;j--);
  23   1      }
  24          
  25          void DHT11_start()
  26          {
  27   1         Data=1;
  28   1         DHT11_delay_us(2);
  29   1         Data=0;
  30   1         DHT11_delay_ms(30);   //延时18ms以上
  31   1              //smg_show();smg_show();smg_show();smg_show();
  32   1         Data=1;
  33   1         DHT11_delay_us(30);
  34   1      }
  35          
  36          uchar DHT11_rec_byte()      //接收一个字节
  37          {
  38   1         uchar i,dat=0;
  39   1      //      EA=0;
  40   1              read_dat_flag =1;
  41   1        for(i=0;i<8;i++)    //从高到低依次接收8位数据
  42   1         {          
  43   2            while(!Data);   ////等待50us低电平过去
  44   2            DHT11_delay_us(8);     //延时60us，如果还为高则数据为1，否则为0 
  45   2            dat<<=1;           //移位使正确接收8位数据，数据为0时直接移位
  46   2            if(Data==1)    //数据为1时，使dat加1来接收数据1
  47   2               dat+=1;
  48   2            while(Data);  //等待数据线拉低    
  49   2          }  
  50   1      //       EA=1;
  51   1                      read_dat_flag =0;
  52   1          return dat;
  53   1      }
  54          
C51 COMPILER V9.60.0.0   DHT11                                                             04/11/2024 16:01:10 PAGE 2   

  55          void DHT11_receive(void)      //接收40位的数据
  56          {
  57   1          uchar R_H,R_L,T_H,T_L,RH,RL,TH,TL,revise; 
  58   1          DHT11_start();
  59   1          if(Data==0)
  60   1          {
  61   2              while(Data==0);//{smg_show();}   //等待拉高     
  62   2              DHT11_delay_us(40);  //拉高后延时80us
  63   2              R_H=DHT11_rec_byte();    //接收湿度高八位  
  64   2              R_L=DHT11_rec_byte();    //接收湿度低八位  
  65   2              T_H=DHT11_rec_byte();    //接收温度高八位  
  66   2              T_L=DHT11_rec_byte();    //接收温度低八位
  67   2              revise=DHT11_rec_byte(); //接收校正位
  68   2      
  69   2              DHT11_delay_us(25);    //结束
  70   2      
  71   2              if((R_H+R_L+T_H+T_L)==revise)      //校正
  72   2              {
  73   3                  RH=R_H;
  74   3                  RL=R_L;
  75   3                  TH=T_H;
  76   3                  TL=T_L;
  77   3              } 
  78   2              /*数据处理，方便显示*/
  79   2              rec_dat[0]='R';
  80   2              rec_dat[1]='H';                         
  81   2              rec_dat[2]='0'+(RH/10);
  82   2              rec_dat[3]='0'+(RH%10);
  83   2              rec_dat[4]='%';
  84   2              rec_dat[5]=' ';
  85   2              rec_dat[6]='0'+(TH/10);
  86   2              rec_dat[7]='0'+(TH%10);
  87   2                                      rec_dat[8]='\'';
  88   2              rec_dat[9]='C';
  89   2          }
  90   1      }
  91          
  92          /*这里使用lcd1602来显示采集到的数据，lcd1602驱动程序在博主的51单片机系列博文中有详细讲解*/
  93          
  94          ///*这里使用lcd1602来显示采集到的数据，lcd1602驱动程序在博主的51单片机系列博文中有详细讲解*/
  95          //void main()
  96          //{
  97          //   uchar i;   
  98          //   init_lcd();   //lcd1602初始化
  99          //   while(1)
 100          //   {   
 101          //       DHT11_delay_ms(100);    //DHT11上电后要等待1S以越过不稳定状态在此期间不能发送任何指令
 102          //       DHT11_receive();
 103          //       write_com(0x80);   //从lcd1602第一行第一个位置开始显示
 104          //       for(i=0;i<9;i++)
 105          //       write_dat(rec_dat[i]);   //显示数据   
 106          //         write_com(0x80+0x40);
 107          //         write_dat(0x2d);
 108          //                 write_dat(0x42);
 109          //                 write_dat(0x3a);                
 110          //   }
 111          //}


MODULE INFORMATION:   STATIC OVERLAYABLE
   CODE SIZE        =    244    ----
   CONSTANT SIZE    =   ----    ----
C51 COMPILER V9.60.0.0   DHT11                                                             04/11/2024 16:01:10 PAGE 3   

   XDATA SIZE       =   ----    ----
   PDATA SIZE       =   ----    ----
   DATA SIZE        =     10       6
   IDATA SIZE       =   ----    ----
   BIT SIZE         =      1    ----
END OF MODULE INFORMATION.


C51 COMPILATION COMPLETE.  0 WARNING(S),  0 ERROR(S)
