C51 COMPILER V9.60.0.0   USART                                                             04/11/2024 16:01:11 PAGE 1   


C51 COMPILER V9.60.0.0, COMPILATION OF MODULE USART
OBJECT MODULE PLACED IN .\Objects\usart.obj
COMPILER INVOKED BY: D:\Keil\C51\BIN\C51.EXE ..\file\usart.c OPTIMIZE(8,SPEED) BROWSE DEBUG OBJECTEXTEND PRINT(.\Listing
                    -s\usart.lst) OBJECT(.\Objects\usart.obj)

line level    source

   1          #include "reg52.h"
   2          //#include "lcd.h"
   3          //#include "ADC0832.h"
   4          #include "stdio.h"
   5          #include "string.h"
   6          #include "usart.h"
   7          
   8          void init_usart_com( void ) 
   9          { 
  10   1           SCON=0x50; //串口工作方式1，8位UART，波特率可变  
  11   1      //     TH2=0xFF;           
  12   1      //     TL2=0xFD;    //波特率:115200 晶振=11.0592MHz 
  13   1      //     RCAP2H=0xFF;   
  14   1      //     RCAP2L=0xFD; //16位自动再装入值
  15   1                
  16   1              TH2=0xFF;           
  17   1           TL2=0xDC;    //波特率:9600 晶振=11.0592MHz 
  18   1           RCAP2H=0xFF;   
  19   1           RCAP2L=0xDC; //16位自动再装入值
  20   1              
  21   1              
  22   1      //      
  23   1      //      TH2=0xFF;           
  24   1      //     TL2=0xD9;    //波特率:9600 晶振=12MHz 
  25   1      //     RCAP2H=0xFF;   
  26   1      //     RCAP2L=0xD9; //16位自动再装入值  
  27   1              
  28   1      /*****************/
  29   1           TCLK=1;   
  30   1           RCLK=1;   
  31   1           C_T2=0;   
  32   1           EXEN2=0; //波特率发生器工作方式
  33   1      /*****************/
  34   1           TR2=1 ; //定时器2开始
  35   1      }
  36          
  37          
  38          
  39          
  40          void Send_One_Byte(uchar Byte)  //向串口写入一个字节数据
  41          {
  42   1              ES = 0;  //关串口中断
  43   1              SBUF = Byte; 
  44   1              while(!TI);             //TI == 1 跳出循环
  45   1              TI = 0;
  46   1              ES = 1;  //打开串口中断
  47   1      }
  48          
  49          void Send_Str(uchar str_dat[])  //向串口写入字符串
  50          {
  51   1              idata unsigned char i;
  52   1              idata unsigned int len;
  53   1              len = strlen(str_dat);
  54   1        for(i=0;i<len;i++)
C51 COMPILER V9.60.0.0   USART                                                             04/11/2024 16:01:11 PAGE 2   

  55   1              {
  56   2                      Send_One_Byte(str_dat[i]);
  57   2              }
  58   1      //      Send_One_Byte(0XFF);
  59   1      //      Send_One_Byte(0XFF);
  60   1      //      Send_One_Byte(0XFF);  //三个结束符号
  61   1      }
  62          
  63          //void Send_EStr(uchar str[]) 
  64          //{
  65          //      
  66          //}
  67          


MODULE INFORMATION:   STATIC OVERLAYABLE
   CODE SIZE        =     96    ----
   CONSTANT SIZE    =   ----    ----
   XDATA SIZE       =   ----    ----
   PDATA SIZE       =   ----    ----
   DATA SIZE        =   ----       3
   IDATA SIZE       =   ----       3
   BIT SIZE         =   ----    ----
END OF MODULE INFORMATION.


C51 COMPILATION COMPLETE.  0 WARNING(S),  0 ERROR(S)
